

Started GET "/" for 127.0.0.1 at 2013-08-18 20:35:34 -0700
Processing by Rails::WelcomeController#index as HTML
  Rendered /usr/local/rvm/gems/ruby-1.9.3-p194/gems/railties-4.0.0/lib/rails/templates/rails/welcome/index.html.erb (2.0ms)
Completed 200 OK in 32ms (Views: 8.6ms | ActiveRecord: 0.0ms)


Started GET "/" for 127.0.0.1 at 2013-08-21 21:18:02 -0700
Processing by Rails::WelcomeController#index as HTML
  Rendered /usr/local/rvm/gems/ruby-1.9.3-p194/gems/railties-4.0.0/lib/rails/templates/rails/welcome/index.html.erb (15.6ms)
Completed 200 OK in 59ms (Views: 25.2ms | ActiveRecord: 0.0ms)


Started GET "/login" for 127.0.0.1 at 2013-08-21 21:59:33 -0700

RuntimeError (You should not use the `match` method in your router without specifying an HTTP method.
If you want to expose your action to both GET and POST, add `via: [:get, :post]` option.
If you want to expose your action to GET, use `get` in the router:
  Instead of: match "controller#action"
  Do: get "controller#action"):
  config/routes.rb:4:in `block in <top (required)>'
  config/routes.rb:1:in `<top (required)>'


  Rendered /usr/local/rvm/gems/ruby-1.9.3-p194/gems/actionpack-4.0.0/lib/action_dispatch/middleware/templates/rescues/_source.erb (0.8ms)
  Rendered /usr/local/rvm/gems/ruby-1.9.3-p194/gems/actionpack-4.0.0/lib/action_dispatch/middleware/templates/rescues/_trace.erb (1.2ms)
  Rendered /usr/local/rvm/gems/ruby-1.9.3-p194/gems/actionpack-4.0.0/lib/action_dispatch/middleware/templates/rescues/_request_and_response.erb (0.9ms)
  Rendered /usr/local/rvm/gems/ruby-1.9.3-p194/gems/actionpack-4.0.0/lib/action_dispatch/middleware/templates/rescues/diagnostics.erb within rescues/layout (18.7ms)
  [1m[36m (5.7ms)[0m  [1mCREATE TABLE "schema_migrations" ("version" varchar(255) NOT NULL) [0m
  [1m[35m (1.7ms)[0m  CREATE UNIQUE INDEX "unique_schema_migrations" ON "schema_migrations" ("version")
  [1m[36mActiveRecord::SchemaMigration Load (0.1ms)[0m  [1mSELECT "schema_migrations".* FROM "schema_migrations"[0m
Migrating to CreateUsers (20130822050434)
  [1m[35m (0.1ms)[0m  begin transaction
  [1m[36m (0.5ms)[0m  [1mCREATE TABLE "users" ("id" INTEGER PRIMARY KEY AUTOINCREMENT NOT NULL, "name" varchar(255), "email" varchar(255), "created_at" datetime, "updated_at" datetime) [0m
  [1m[35mSQL (0.3ms)[0m  INSERT INTO "schema_migrations" ("version") VALUES (?)  [["version", "20130822050434"]]
  [1m[36m (1.6ms)[0m  [1mcommit transaction[0m
  [1m[35mActiveRecord::SchemaMigration Load (0.1ms)[0m  SELECT "schema_migrations".* FROM "schema_migrations"


Started GET "/" for 127.0.0.1 at 2013-08-21 22:06:07 -0700
  [1m[36mActiveRecord::SchemaMigration Load (0.1ms)[0m  [1mSELECT "schema_migrations".* FROM "schema_migrations"[0m
Processing by Rails::WelcomeController#index as HTML
  Rendered /usr/local/rvm/gems/ruby-1.9.3-p194/gems/railties-4.0.0/lib/rails/templates/rails/welcome/index.html.erb (0.1ms)
Completed 200 OK in 3ms (Views: 2.4ms | ActiveRecord: 0.0ms)


Started GET "/index" for 127.0.0.1 at 2013-08-21 22:07:33 -0700

ActionController::RoutingError (No route matches [GET] "/index"):
  actionpack (4.0.0) lib/action_dispatch/middleware/debug_exceptions.rb:21:in `call'
  actionpack (4.0.0) lib/action_dispatch/middleware/show_exceptions.rb:30:in `call'
  railties (4.0.0) lib/rails/rack/logger.rb:38:in `call_app'
  railties (4.0.0) lib/rails/rack/logger.rb:21:in `block in call'
  activesupport (4.0.0) lib/active_support/tagged_logging.rb:67:in `block in tagged'
  activesupport (4.0.0) lib/active_support/tagged_logging.rb:25:in `tagged'
  activesupport (4.0.0) lib/active_support/tagged_logging.rb:67:in `tagged'
  railties (4.0.0) lib/rails/rack/logger.rb:21:in `call'
  actionpack (4.0.0) lib/action_dispatch/middleware/request_id.rb:21:in `call'
  rack (1.5.2) lib/rack/methodoverride.rb:21:in `call'
  rack (1.5.2) lib/rack/runtime.rb:17:in `call'
  activesupport (4.0.0) lib/active_support/cache/strategy/local_cache.rb:83:in `call'
  rack (1.5.2) lib/rack/lock.rb:17:in `call'
  actionpack (4.0.0) lib/action_dispatch/middleware/static.rb:64:in `call'
  railties (4.0.0) lib/rails/engine.rb:511:in `call'
  railties (4.0.0) lib/rails/application.rb:97:in `call'
  rack (1.5.2) lib/rack/lock.rb:17:in `call'
  rack (1.5.2) lib/rack/content_length.rb:14:in `call'
  rack (1.5.2) lib/rack/handler/webrick.rb:60:in `service'
  /usr/local/rvm/rubies/ruby-1.9.3-p194/lib/ruby/1.9.1/webrick/httpserver.rb:138:in `service'
  /usr/local/rvm/rubies/ruby-1.9.3-p194/lib/ruby/1.9.1/webrick/httpserver.rb:94:in `run'
  /usr/local/rvm/rubies/ruby-1.9.3-p194/lib/ruby/1.9.1/webrick/server.rb:191:in `block in start_thread'


  Rendered /usr/local/rvm/gems/ruby-1.9.3-p194/gems/actionpack-4.0.0/lib/action_dispatch/middleware/templates/rescues/_trace.erb (1.1ms)
  Rendered /usr/local/rvm/gems/ruby-1.9.3-p194/gems/actionpack-4.0.0/lib/action_dispatch/middleware/templates/routes/_route.html.erb (1.2ms)
  Rendered /usr/local/rvm/gems/ruby-1.9.3-p194/gems/actionpack-4.0.0/lib/action_dispatch/middleware/templates/routes/_table.html.erb (32.1ms)
  Rendered /usr/local/rvm/gems/ruby-1.9.3-p194/gems/actionpack-4.0.0/lib/action_dispatch/middleware/templates/rescues/routing_error.erb within rescues/layout (55.2ms)


Started GET "/users" for 127.0.0.1 at 2013-08-21 22:08:14 -0700
Processing by UsersController#index as HTML
  [1m[35mUser Load (0.1ms)[0m  SELECT "users".* FROM "users"
  Rendered users/index.html.erb within layouts/application (1.9ms)
Completed 200 OK in 999ms (Views: 996.1ms | ActiveRecord: 0.3ms)


Started GET "/assets/application.css?body=1" for 127.0.0.1 at 2013-08-21 22:08:15 -0700


Started GET "/assets/sessions.css?body=1" for 127.0.0.1 at 2013-08-21 22:08:15 -0700


Started GET "/assets/scaffolds.css?body=1" for 127.0.0.1 at 2013-08-21 22:08:15 -0700


Started GET "/assets/users.css?body=1" for 127.0.0.1 at 2013-08-21 22:08:15 -0700


Started GET "/assets/jquery.js?body=1" for 127.0.0.1 at 2013-08-21 22:08:15 -0700


Started GET "/assets/jquery_ujs.js?body=1" for 127.0.0.1 at 2013-08-21 22:08:15 -0700


Started GET "/assets/turbolinks.js?body=1" for 127.0.0.1 at 2013-08-21 22:08:15 -0700


Started GET "/assets/sessions.js?body=1" for 127.0.0.1 at 2013-08-21 22:08:15 -0700


Started GET "/assets/users.js?body=1" for 127.0.0.1 at 2013-08-21 22:08:15 -0700


Started GET "/assets/application.js?body=1" for 127.0.0.1 at 2013-08-21 22:08:15 -0700


Started GET "/users/new" for 127.0.0.1 at 2013-08-21 22:08:46 -0700
Processing by UsersController#new as HTML
  Rendered users/_form.html.erb (81.7ms)
  Rendered users/new.html.erb within layouts/application (83.2ms)
Completed 200 OK in 88ms (Views: 86.7ms | ActiveRecord: 0.2ms)


Started GET "/assets/scaffolds.css?body=1" for 127.0.0.1 at 2013-08-21 22:08:46 -0700


Started GET "/assets/users.css?body=1" for 127.0.0.1 at 2013-08-21 22:08:46 -0700


Started GET "/assets/users.js?body=1" for 127.0.0.1 at 2013-08-21 22:08:46 -0700


Started POST "/users" for 127.0.0.1 at 2013-08-21 22:09:33 -0700
Processing by UsersController#create as HTML
  Parameters: {"utf8"=>"✓", "authenticity_token"=>"4IjjzHNa+385t2NG3UDQBYT/W64cF61+YzXrhJYkNpo=", "user"=>{"name"=>"madhok", "email"=>"madhokgs@gmail.com"}, "commit"=>"Create User"}
  [1m[36m (0.1ms)[0m  [1mbegin transaction[0m
  [1m[35mSQL (459.1ms)[0m  INSERT INTO "users" ("created_at", "email", "name", "updated_at") VALUES (?, ?, ?, ?)  [["created_at", Thu, 22 Aug 2013 05:09:33 UTC +00:00], ["email", "madhokgs@gmail.com"], ["name", "madhok"], ["updated_at", Thu, 22 Aug 2013 05:09:33 UTC +00:00]]
  [1m[36m (2.2ms)[0m  [1mcommit transaction[0m
Redirected to http://localhost:3000/users/1
Completed 302 Found in 467ms (ActiveRecord: 461.3ms)


Started GET "/users/1" for 127.0.0.1 at 2013-08-21 22:09:33 -0700
Processing by UsersController#show as HTML
  Parameters: {"id"=>"1"}
  [1m[35mUser Load (0.3ms)[0m  SELECT "users".* FROM "users" WHERE "users"."id" = ? LIMIT 1  [["id", "1"]]
  Rendered users/show.html.erb within layouts/application (0.9ms)
Completed 200 OK in 7ms (Views: 4.4ms | ActiveRecord: 0.3ms)


Started GET "/assets/scaffolds.css?body=1" for 127.0.0.1 at 2013-08-21 22:09:33 -0700


Started GET "/assets/users.css?body=1" for 127.0.0.1 at 2013-08-21 22:09:33 -0700


Started GET "/assets/users.js?body=1" for 127.0.0.1 at 2013-08-21 22:09:33 -0700


Started GET "/users" for 127.0.0.1 at 2013-08-21 22:10:24 -0700
Processing by UsersController#index as HTML
  [1m[36mUser Load (0.2ms)[0m  [1mSELECT "users".* FROM "users"[0m
  Rendered users/index.html.erb within layouts/application (1.6ms)
Completed 200 OK in 6ms (Views: 4.9ms | ActiveRecord: 0.2ms)


Started GET "/assets/scaffolds.css?body=1" for 127.0.0.1 at 2013-08-21 22:10:24 -0700


Started GET "/assets/users.css?body=1" for 127.0.0.1 at 2013-08-21 22:10:24 -0700


Started GET "/assets/users.js?body=1" for 127.0.0.1 at 2013-08-21 22:10:24 -0700


Started GET "/" for 127.0.0.1 at 2013-08-27 07:38:42 -0700
Processing by Rails::WelcomeController#index as HTML
  Rendered /usr/local/rvm/gems/ruby-1.9.3-p194/gems/railties-4.0.0/lib/rails/templates/rails/welcome/index.html.erb (0.1ms)
Completed 200 OK in 48ms (Views: 48.0ms | ActiveRecord: 0.0ms)


Started GET "/users" for 127.0.0.1 at 2013-08-27 07:39:05 -0700
Processing by UsersController#index as HTML
  [1m[35mUser Load (26.1ms)[0m  SELECT "users".* FROM "users"
  Rendered users/index.html.erb within layouts/application (28.6ms)
Completed 200 OK in 111ms (Views: 84.9ms | ActiveRecord: 26.1ms)


Started GET "/assets/application.css?body=1" for 127.0.0.1 at 2013-08-27 07:39:05 -0700


Started GET "/assets/scaffolds.css?body=1" for 127.0.0.1 at 2013-08-27 07:39:05 -0700


Started GET "/assets/sessions.css?body=1" for 127.0.0.1 at 2013-08-27 07:39:05 -0700


Started GET "/assets/users.css?body=1" for 127.0.0.1 at 2013-08-27 07:39:05 -0700


Started GET "/assets/jquery.js?body=1" for 127.0.0.1 at 2013-08-27 07:39:05 -0700


Started GET "/assets/jquery_ujs.js?body=1" for 127.0.0.1 at 2013-08-27 07:39:05 -0700


Started GET "/assets/turbolinks.js?body=1" for 127.0.0.1 at 2013-08-27 07:39:05 -0700


Started GET "/assets/sessions.js?body=1" for 127.0.0.1 at 2013-08-27 07:39:05 -0700


Started GET "/assets/application.js?body=1" for 127.0.0.1 at 2013-08-27 07:39:05 -0700


Started GET "/assets/users.js?body=1" for 127.0.0.1 at 2013-08-27 07:39:05 -0700


Started GET "/signin" for 127.0.0.1 at 2013-08-27 10:08:03 -0700
Processing by SessionsController#new as HTML
ERROR: compiling _app_views_sessions_new_html_erb___736131839667478133_70361470813260 RAISED /Users/madhok/SportzMeet/app/views/sessions/new.html.erb:1: syntax error, unexpected ',', expecting ')'
...putBuffer.new; provide (:title, "Sign in") 
...                               ^
/Users/madhok/SportzMeet/app/views/sessions/new.html.erb:1: syntax error, unexpected ')', expecting keyword_end
...ew; provide (:title, "Sign in") 
...                               ^
Function body:           def _app_views_sessions_new_html_erb___736131839667478133_70361470813260(local_assigns, output_buffer)
            _old_virtual_path, @virtual_path = @virtual_path, "sessions/new";_old_output_buffer = @output_buffer;;@output_buffer = output_buffer || ActionView::OutputBuffer.new; provide (:title, "Sign in") 
@output_buffer.safe_append='<h1>Sign in</h1>
<!-- <p>Find me in app/views/sessions/new.html.erb</p> -->
';@output_buffer.to_s
          ensure
            @virtual_path, @output_buffer = _old_virtual_path, _old_output_buffer
          end

Backtrace: /usr/local/rvm/gems/ruby-1.9.3-p194/gems/actionpack-4.0.0/lib/action_view/template.rb:299:in `module_eval'
/usr/local/rvm/gems/ruby-1.9.3-p194/gems/actionpack-4.0.0/lib/action_view/template.rb:299:in `compile'
/usr/local/rvm/gems/ruby-1.9.3-p194/gems/actionpack-4.0.0/lib/action_view/template.rb:248:in `block in compile!'
<internal:prelude>:10:in `synchronize'
/usr/local/rvm/gems/ruby-1.9.3-p194/gems/actionpack-4.0.0/lib/action_view/template.rb:236:in `compile!'
/usr/local/rvm/gems/ruby-1.9.3-p194/gems/actionpack-4.0.0/lib/action_view/template.rb:142:in `block in render'
/usr/local/rvm/gems/ruby-1.9.3-p194/gems/activesupport-4.0.0/lib/active_support/notifications.rb:161:in `instrument'
/usr/local/rvm/gems/ruby-1.9.3-p194/gems/actionpack-4.0.0/lib/action_view/template.rb:141:in `render'
/usr/local/rvm/gems/ruby-1.9.3-p194/gems/actionpack-4.0.0/lib/action_view/renderer/template_renderer.rb:49:in `block (2 levels) in render_template'
/usr/local/rvm/gems/ruby-1.9.3-p194/gems/actionpack-4.0.0/lib/action_view/renderer/abstract_renderer.rb:38:in `block in instrument'
/usr/local/rvm/gems/ruby-1.9.3-p194/gems/activesupport-4.0.0/lib/active_support/notifications.rb:159:in `block in instrument'
/usr/local/rvm/gems/ruby-1.9.3-p194/gems/activesupport-4.0.0/lib/active_support/notifications/instrumenter.rb:20:in `instrument'
/usr/local/rvm/gems/ruby-1.9.3-p194/gems/activesupport-4.0.0/lib/active_support/notifications.rb:159:in `instrument'
/usr/local/rvm/gems/ruby-1.9.3-p194/gems/actionpack-4.0.0/lib/action_view/renderer/abstract_renderer.rb:38:in `instrument'
/usr/local/rvm/gems/ruby-1.9.3-p194/gems/actionpack-4.0.0/lib/action_view/renderer/template_renderer.rb:48:in `block in render_template'
/usr/local/rvm/gems/ruby-1.9.3-p194/gems/actionpack-4.0.0/lib/action_view/renderer/template_renderer.rb:56:in `render_with_layout'
/usr/local/rvm/gems/ruby-1.9.3-p194/gems/actionpack-4.0.0/lib/action_view/renderer/template_renderer.rb:47:in `render_template'
/usr/local/rvm/gems/ruby-1.9.3-p194/gems/actionpack-4.0.0/lib/action_view/renderer/template_renderer.rb:17:in `render'
/usr/local/rvm/gems/ruby-1.9.3-p194/gems/actionpack-4.0.0/lib/action_view/renderer/renderer.rb:42:in `render_template'
/usr/local/rvm/gems/ruby-1.9.3-p194/gems/actionpack-4.0.0/lib/action_view/renderer/renderer.rb:23:in `render'
/usr/local/rvm/gems/ruby-1.9.3-p194/gems/actionpack-4.0.0/lib/abstract_controller/rendering.rb:127:in `_render_template'
/usr/local/rvm/gems/ruby-1.9.3-p194/gems/actionpack-4.0.0/lib/action_controller/metal/streaming.rb:219:in `_render_template'
/usr/local/rvm/gems/ruby-1.9.3-p194/gems/actionpack-4.0.0/lib/abstract_controller/rendering.rb:120:in `render_to_body'
/usr/local/rvm/gems/ruby-1.9.3-p194/gems/actionpack-4.0.0/lib/action_controller/metal/rendering.rb:33:in `render_to_body'
/usr/local/rvm/gems/ruby-1.9.3-p194/gems/actionpack-4.0.0/lib/action_controller/metal/renderers.rb:26:in `render_to_body'
/usr/local/rvm/gems/ruby-1.9.3-p194/gems/actionpack-4.0.0/lib/abstract_controller/rendering.rb:97:in `render'
/usr/local/rvm/gems/ruby-1.9.3-p194/gems/actionpack-4.0.0/lib/action_controller/metal/rendering.rb:16:in `render'
/usr/local/rvm/gems/ruby-1.9.3-p194/gems/actionpack-4.0.0/lib/action_controller/metal/instrumentation.rb:41:in `block (2 levels) in render'
/usr/local/rvm/gems/ruby-1.9.3-p194/gems/activesupport-4.0.0/lib/active_support/core_ext/benchmark.rb:12:in `block in ms'
/usr/local/rvm/rubies/ruby-1.9.3-p194/lib/ruby/1.9.1/benchmark.rb:295:in `realtime'
/usr/local/rvm/gems/ruby-1.9.3-p194/gems/activesupport-4.0.0/lib/active_support/core_ext/benchmark.rb:12:in `ms'
/usr/local/rvm/gems/ruby-1.9.3-p194/gems/actionpack-4.0.0/lib/action_controller/metal/instrumentation.rb:41:in `block in render'
/usr/local/rvm/gems/ruby-1.9.3-p194/gems/actionpack-4.0.0/lib/action_controller/metal/instrumentation.rb:84:in `cleanup_view_runtime'
/usr/local/rvm/gems/ruby-1.9.3-p194/gems/activerecord-4.0.0/lib/active_record/railties/controller_runtime.rb:25:in `cleanup_view_runtime'
/usr/local/rvm/gems/ruby-1.9.3-p194/gems/actionpack-4.0.0/lib/action_controller/metal/instrumentation.rb:40:in `render'
/usr/local/rvm/gems/ruby-1.9.3-p194/gems/actionpack-4.0.0/lib/action_controller/metal/implicit_render.rb:10:in `default_render'
/usr/local/rvm/gems/ruby-1.9.3-p194/gems/actionpack-4.0.0/lib/action_controller/metal/implicit_render.rb:5:in `send_action'
/usr/local/rvm/gems/ruby-1.9.3-p194/gems/actionpack-4.0.0/lib/abstract_controller/base.rb:189:in `process_action'
/usr/local/rvm/gems/ruby-1.9.3-p194/gems/actionpack-4.0.0/lib/action_controller/metal/rendering.rb:10:in `process_action'
/usr/local/rvm/gems/ruby-1.9.3-p194/gems/actionpack-4.0.0/lib/abstract_controller/callbacks.rb:18:in `block in process_action'
/usr/local/rvm/gems/ruby-1.9.3-p194/gems/activesupport-4.0.0/lib/active_support/callbacks.rb:403:in `_run__3270500009127766831__process_action__callbacks'
/usr/local/rvm/gems/ruby-1.9.3-p194/gems/activesupport-4.0.0/lib/active_support/callbacks.rb:80:in `run_callbacks'
/usr/local/rvm/gems/ruby-1.9.3-p194/gems/actionpack-4.0.0/lib/abstract_controller/callbacks.rb:17:in `process_action'
/usr/local/rvm/gems/ruby-1.9.3-p194/gems/actionpack-4.0.0/lib/action_controller/metal/rescue.rb:29:in `process_action'
/usr/local/rvm/gems/ruby-1.9.3-p194/gems/actionpack-4.0.0/lib/action_controller/metal/instrumentation.rb:31:in `block in process_action'
/usr/local/rvm/gems/ruby-1.9.3-p194/gems/activesupport-4.0.0/lib/active_support/notifications.rb:159:in `block in instrument'
/usr/local/rvm/gems/ruby-1.9.3-p194/gems/activesupport-4.0.0/lib/active_support/notifications/instrumenter.rb:20:in `instrument'
/usr/local/rvm/gems/ruby-1.9.3-p194/gems/activesupport-4.0.0/lib/active_support/notifications.rb:159:in `instrument'
/usr/local/rvm/gems/ruby-1.9.3-p194/gems/actionpack-4.0.0/lib/action_controller/metal/instrumentation.rb:30:in `process_action'
/usr/local/rvm/gems/ruby-1.9.3-p194/gems/actionpack-4.0.0/lib/action_controller/metal/params_wrapper.rb:245:in `process_action'
/usr/local/rvm/gems/ruby-1.9.3-p194/gems/activerecord-4.0.0/lib/active_record/railties/controller_runtime.rb:18:in `process_action'
/usr/local/rvm/gems/ruby-1.9.3-p194/gems/actionpack-4.0.0/lib/abstract_controller/base.rb:136:in `process'
/usr/local/rvm/gems/ruby-1.9.3-p194/gems/actionpack-4.0.0/lib/abstract_controller/rendering.rb:44:in `process'
/usr/local/rvm/gems/ruby-1.9.3-p194/gems/actionpack-4.0.0/lib/action_controller/metal.rb:195:in `dispatch'
/usr/local/rvm/gems/ruby-1.9.3-p194/gems/actionpack-4.0.0/lib/action_controller/metal/rack_delegation.rb:13:in `dispatch'
/usr/local/rvm/gems/ruby-1.9.3-p194/gems/actionpack-4.0.0/lib/action_controller/metal.rb:231:in `block in action'
/usr/local/rvm/gems/ruby-1.9.3-p194/gems/actionpack-4.0.0/lib/action_dispatch/routing/route_set.rb:80:in `call'
/usr/local/rvm/gems/ruby-1.9.3-p194/gems/actionpack-4.0.0/lib/action_dispatch/routing/route_set.rb:80:in `dispatch'
/usr/local/rvm/gems/ruby-1.9.3-p194/gems/actionpack-4.0.0/lib/action_dispatch/routing/route_set.rb:48:in `call'
/usr/local/rvm/gems/ruby-1.9.3-p194/gems/actionpack-4.0.0/lib/action_dispatch/journey/router.rb:71:in `block in call'
/usr/local/rvm/gems/ruby-1.9.3-p194/gems/actionpack-4.0.0/lib/action_dispatch/journey/router.rb:59:in `each'
/usr/local/rvm/gems/ruby-1.9.3-p194/gems/actionpack-4.0.0/lib/action_dispatch/journey/router.rb:59:in `call'
/usr/local/rvm/gems/ruby-1.9.3-p194/gems/actionpack-4.0.0/lib/action_dispatch/routing/route_set.rb:655:in `call'
/usr/local/rvm/gems/ruby-1.9.3-p194/gems/rack-1.5.2/lib/rack/etag.rb:23:in `call'
/usr/local/rvm/gems/ruby-1.9.3-p194/gems/rack-1.5.2/lib/rack/conditionalget.rb:25:in `call'
/usr/local/rvm/gems/ruby-1.9.3-p194/gems/rack-1.5.2/lib/rack/head.rb:11:in `call'
/usr/local/rvm/gems/ruby-1.9.3-p194/gems/actionpack-4.0.0/lib/action_dispatch/middleware/params_parser.rb:27:in `call'
/usr/local/rvm/gems/ruby-1.9.3-p194/gems/actionpack-4.0.0/lib/action_dispatch/middleware/flash.rb:241:in `call'
/usr/local/rvm/gems/ruby-1.9.3-p194/gems/rack-1.5.2/lib/rack/session/abstract/id.rb:225:in `context'
/usr/local/rvm/gems/ruby-1.9.3-p194/gems/rack-1.5.2/lib/rack/session/abstract/id.rb:220:in `call'
/usr/local/rvm/gems/ruby-1.9.3-p194/gems/actionpack-4.0.0/lib/action_dispatch/middleware/cookies.rb:486:in `call'
/usr/local/rvm/gems/ruby-1.9.3-p194/gems/activerecord-4.0.0/lib/active_record/query_cache.rb:36:in `call'
/usr/local/rvm/gems/ruby-1.9.3-p194/gems/activerecord-4.0.0/lib/active_record/connection_adapters/abstract/connection_pool.rb:626:in `call'
/usr/local/rvm/gems/ruby-1.9.3-p194/gems/activerecord-4.0.0/lib/active_record/migration.rb:369:in `call'
/usr/local/rvm/gems/ruby-1.9.3-p194/gems/actionpack-4.0.0/lib/action_dispatch/middleware/callbacks.rb:29:in `block in call'
/usr/local/rvm/gems/ruby-1.9.3-p194/gems/activesupport-4.0.0/lib/active_support/callbacks.rb:373:in `_run__3588128668176775561__call__callbacks'
/usr/local/rvm/gems/ruby-1.9.3-p194/gems/activesupport-4.0.0/lib/active_support/callbacks.rb:80:in `run_callbacks'
/usr/local/rvm/gems/ruby-1.9.3-p194/gems/actionpack-4.0.0/lib/action_dispatch/middleware/callbacks.rb:27:in `call'
/usr/local/rvm/gems/ruby-1.9.3-p194/gems/actionpack-4.0.0/lib/action_dispatch/middleware/reloader.rb:64:in `call'
/usr/local/rvm/gems/ruby-1.9.3-p194/gems/actionpack-4.0.0/lib/action_dispatch/middleware/remote_ip.rb:76:in `call'
/usr/local/rvm/gems/ruby-1.9.3-p194/gems/actionpack-4.0.0/lib/action_dispatch/middleware/debug_exceptions.rb:17:in `call'
/usr/local/rvm/gems/ruby-1.9.3-p194/gems/actionpack-4.0.0/lib/action_dispatch/middleware/show_exceptions.rb:30:in `call'
/usr/local/rvm/gems/ruby-1.9.3-p194/gems/railties-4.0.0/lib/rails/rack/logger.rb:38:in `call_app'
/usr/local/rvm/gems/ruby-1.9.3-p194/gems/railties-4.0.0/lib/rails/rack/logger.rb:21:in `block in call'
/usr/local/rvm/gems/ruby-1.9.3-p194/gems/activesupport-4.0.0/lib/active_support/tagged_logging.rb:67:in `block in tagged'
/usr/local/rvm/gems/ruby-1.9.3-p194/gems/activesupport-4.0.0/lib/active_support/tagged_logging.rb:25:in `tagged'
/usr/local/rvm/gems/ruby-1.9.3-p194/gems/activesupport-4.0.0/lib/active_support/tagged_logging.rb:67:in `tagged'
/usr/local/rvm/gems/ruby-1.9.3-p194/gems/railties-4.0.0/lib/rails/rack/logger.rb:21:in `call'
/usr/local/rvm/gems/ruby-1.9.3-p194/gems/actionpack-4.0.0/lib/action_dispatch/middleware/request_id.rb:21:in `call'
/usr/local/rvm/gems/ruby-1.9.3-p194/gems/rack-1.5.2/lib/rack/methodoverride.rb:21:in `call'
/usr/local/rvm/gems/ruby-1.9.3-p194/gems/rack-1.5.2/lib/rack/runtime.rb:17:in `call'
/usr/local/rvm/gems/ruby-1.9.3-p194/gems/activesupport-4.0.0/lib/active_support/cache/strategy/local_cache.rb:83:in `call'
/usr/local/rvm/gems/ruby-1.9.3-p194/gems/rack-1.5.2/lib/rack/lock.rb:17:in `call'
/usr/local/rvm/gems/ruby-1.9.3-p194/gems/actionpack-4.0.0/lib/action_dispatch/middleware/static.rb:64:in `call'
/usr/local/rvm/gems/ruby-1.9.3-p194/gems/railties-4.0.0/lib/rails/engine.rb:511:in `call'
/usr/local/rvm/gems/ruby-1.9.3-p194/gems/railties-4.0.0/lib/rails/application.rb:97:in `call'
/usr/local/rvm/gems/ruby-1.9.3-p194/gems/rack-1.5.2/lib/rack/lock.rb:17:in `call'
/usr/local/rvm/gems/ruby-1.9.3-p194/gems/rack-1.5.2/lib/rack/content_length.rb:14:in `call'
/usr/local/rvm/gems/ruby-1.9.3-p194/gems/rack-1.5.2/lib/rack/handler/webrick.rb:60:in `service'
/usr/local/rvm/rubies/ruby-1.9.3-p194/lib/ruby/1.9.1/webrick/httpserver.rb:138:in `service'
/usr/local/rvm/rubies/ruby-1.9.3-p194/lib/ruby/1.9.1/webrick/httpserver.rb:94:in `run'
/usr/local/rvm/rubies/ruby-1.9.3-p194/lib/ruby/1.9.1/webrick/server.rb:191:in `block in start_thread'
  Rendered sessions/new.html.erb within layouts/application (3.0ms)
Completed 500 Internal Server Error in 7ms

ActionView::Template::Error (/Users/madhok/SportzMeet/app/views/sessions/new.html.erb:1: syntax error, unexpected ',', expecting ')'
...putBuffer.new; provide (:title, "Sign in") 
...                               ^
/Users/madhok/SportzMeet/app/views/sessions/new.html.erb:1: syntax error, unexpected ')', expecting keyword_end
...ew; provide (:title, "Sign in") 
...                               ^):
    1: <% provide (:title, "Sign in") %>
    2: <h1>Sign in</h1>
    3: <!-- <p>Find me in app/views/sessions/new.html.erb</p> -->
  actionpack (4.0.0) lib/action_view/template.rb:299:in `module_eval'
  actionpack (4.0.0) lib/action_view/template.rb:299:in `compile'
  actionpack (4.0.0) lib/action_view/template.rb:248:in `block in compile!'
  <internal:prelude>:10:in `synchronize'
  actionpack (4.0.0) lib/action_view/template.rb:236:in `compile!'
  actionpack (4.0.0) lib/action_view/template.rb:142:in `block in render'
  activesupport (4.0.0) lib/active_support/notifications.rb:161:in `instrument'
  actionpack (4.0.0) lib/action_view/template.rb:141:in `render'
  actionpack (4.0.0) lib/action_view/renderer/template_renderer.rb:49:in `block (2 levels) in render_template'
  actionpack (4.0.0) lib/action_view/renderer/abstract_renderer.rb:38:in `block in instrument'
  activesupport (4.0.0) lib/active_support/notifications.rb:159:in `block in instrument'
  activesupport (4.0.0) lib/active_support/notifications/instrumenter.rb:20:in `instrument'
  activesupport (4.0.0) lib/active_support/notifications.rb:159:in `instrument'
  actionpack (4.0.0) lib/action_view/renderer/abstract_renderer.rb:38:in `instrument'
  actionpack (4.0.0) lib/action_view/renderer/template_renderer.rb:48:in `block in render_template'
  actionpack (4.0.0) lib/action_view/renderer/template_renderer.rb:56:in `render_with_layout'
  actionpack (4.0.0) lib/action_view/renderer/template_renderer.rb:47:in `render_template'
  actionpack (4.0.0) lib/action_view/renderer/template_renderer.rb:17:in `render'
  actionpack (4.0.0) lib/action_view/renderer/renderer.rb:42:in `render_template'
  actionpack (4.0.0) lib/action_view/renderer/renderer.rb:23:in `render'
  actionpack (4.0.0) lib/abstract_controller/rendering.rb:127:in `_render_template'
  actionpack (4.0.0) lib/action_controller/metal/streaming.rb:219:in `_render_template'
  actionpack (4.0.0) lib/abstract_controller/rendering.rb:120:in `render_to_body'
  actionpack (4.0.0) lib/action_controller/metal/rendering.rb:33:in `render_to_body'
  actionpack (4.0.0) lib/action_controller/metal/renderers.rb:26:in `render_to_body'
  actionpack (4.0.0) lib/abstract_controller/rendering.rb:97:in `render'
  actionpack (4.0.0) lib/action_controller/metal/rendering.rb:16:in `render'
  actionpack (4.0.0) lib/action_controller/metal/instrumentation.rb:41:in `block (2 levels) in render'
  activesupport (4.0.0) lib/active_support/core_ext/benchmark.rb:12:in `block in ms'
  /usr/local/rvm/rubies/ruby-1.9.3-p194/lib/ruby/1.9.1/benchmark.rb:295:in `realtime'
  activesupport (4.0.0) lib/active_support/core_ext/benchmark.rb:12:in `ms'
  actionpack (4.0.0) lib/action_controller/metal/instrumentation.rb:41:in `block in render'
  actionpack (4.0.0) lib/action_controller/metal/instrumentation.rb:84:in `cleanup_view_runtime'
  activerecord (4.0.0) lib/active_record/railties/controller_runtime.rb:25:in `cleanup_view_runtime'
  actionpack (4.0.0) lib/action_controller/metal/instrumentation.rb:40:in `render'
  actionpack (4.0.0) lib/action_controller/metal/implicit_render.rb:10:in `default_render'
  actionpack (4.0.0) lib/action_controller/metal/implicit_render.rb:5:in `send_action'
  actionpack (4.0.0) lib/abstract_controller/base.rb:189:in `process_action'
  actionpack (4.0.0) lib/action_controller/metal/rendering.rb:10:in `process_action'
  actionpack (4.0.0) lib/abstract_controller/callbacks.rb:18:in `block in process_action'
  activesupport (4.0.0) lib/active_support/callbacks.rb:403:in `_run__3270500009127766831__process_action__callbacks'
  activesupport (4.0.0) lib/active_support/callbacks.rb:80:in `run_callbacks'
  actionpack (4.0.0) lib/abstract_controller/callbacks.rb:17:in `process_action'
  actionpack (4.0.0) lib/action_controller/metal/rescue.rb:29:in `process_action'
  actionpack (4.0.0) lib/action_controller/metal/instrumentation.rb:31:in `block in process_action'
  activesupport (4.0.0) lib/active_support/notifications.rb:159:in `block in instrument'
  activesupport (4.0.0) lib/active_support/notifications/instrumenter.rb:20:in `instrument'
  activesupport (4.0.0) lib/active_support/notifications.rb:159:in `instrument'
  actionpack (4.0.0) lib/action_controller/metal/instrumentation.rb:30:in `process_action'
  actionpack (4.0.0) lib/action_controller/metal/params_wrapper.rb:245:in `process_action'
  activerecord (4.0.0) lib/active_record/railties/controller_runtime.rb:18:in `process_action'
  actionpack (4.0.0) lib/abstract_controller/base.rb:136:in `process'
  actionpack (4.0.0) lib/abstract_controller/rendering.rb:44:in `process'
  actionpack (4.0.0) lib/action_controller/metal.rb:195:in `dispatch'
  actionpack (4.0.0) lib/action_controller/metal/rack_delegation.rb:13:in `dispatch'
  actionpack (4.0.0) lib/action_controller/metal.rb:231:in `block in action'
  actionpack (4.0.0) lib/action_dispatch/routing/route_set.rb:80:in `call'
  actionpack (4.0.0) lib/action_dispatch/routing/route_set.rb:80:in `dispatch'
  actionpack (4.0.0) lib/action_dispatch/routing/route_set.rb:48:in `call'
  actionpack (4.0.0) lib/action_dispatch/journey/router.rb:71:in `block in call'
  actionpack (4.0.0) lib/action_dispatch/journey/router.rb:59:in `each'
  actionpack (4.0.0) lib/action_dispatch/journey/router.rb:59:in `call'
  actionpack (4.0.0) lib/action_dispatch/routing/route_set.rb:655:in `call'
  rack (1.5.2) lib/rack/etag.rb:23:in `call'
  rack (1.5.2) lib/rack/conditionalget.rb:25:in `call'
  rack (1.5.2) lib/rack/head.rb:11:in `call'
  actionpack (4.0.0) lib/action_dispatch/middleware/params_parser.rb:27:in `call'
  actionpack (4.0.0) lib/action_dispatch/middleware/flash.rb:241:in `call'
  rack (1.5.2) lib/rack/session/abstract/id.rb:225:in `context'
  rack (1.5.2) lib/rack/session/abstract/id.rb:220:in `call'
  actionpack (4.0.0) lib/action_dispatch/middleware/cookies.rb:486:in `call'
  activerecord (4.0.0) lib/active_record/query_cache.rb:36:in `call'
  activerecord (4.0.0) lib/active_record/connection_adapters/abstract/connection_pool.rb:626:in `call'
  activerecord (4.0.0) lib/active_record/migration.rb:369:in `call'
  actionpack (4.0.0) lib/action_dispatch/middleware/callbacks.rb:29:in `block in call'
  activesupport (4.0.0) lib/active_support/callbacks.rb:373:in `_run__3588128668176775561__call__callbacks'
  activesupport (4.0.0) lib/active_support/callbacks.rb:80:in `run_callbacks'
  actionpack (4.0.0) lib/action_dispatch/middleware/callbacks.rb:27:in `call'
  actionpack (4.0.0) lib/action_dispatch/middleware/reloader.rb:64:in `call'
  actionpack (4.0.0) lib/action_dispatch/middleware/remote_ip.rb:76:in `call'
  actionpack (4.0.0) lib/action_dispatch/middleware/debug_exceptions.rb:17:in `call'
  actionpack (4.0.0) lib/action_dispatch/middleware/show_exceptions.rb:30:in `call'
  railties (4.0.0) lib/rails/rack/logger.rb:38:in `call_app'
  railties (4.0.0) lib/rails/rack/logger.rb:21:in `block in call'
  activesupport (4.0.0) lib/active_support/tagged_logging.rb:67:in `block in tagged'
  activesupport (4.0.0) lib/active_support/tagged_logging.rb:25:in `tagged'
  activesupport (4.0.0) lib/active_support/tagged_logging.rb:67:in `tagged'
  railties (4.0.0) lib/rails/rack/logger.rb:21:in `call'
  actionpack (4.0.0) lib/action_dispatch/middleware/request_id.rb:21:in `call'
  rack (1.5.2) lib/rack/methodoverride.rb:21:in `call'
  rack (1.5.2) lib/rack/runtime.rb:17:in `call'
  activesupport (4.0.0) lib/active_support/cache/strategy/local_cache.rb:83:in `call'
  rack (1.5.2) lib/rack/lock.rb:17:in `call'
  actionpack (4.0.0) lib/action_dispatch/middleware/static.rb:64:in `call'
  railties (4.0.0) lib/rails/engine.rb:511:in `call'
  railties (4.0.0) lib/rails/application.rb:97:in `call'
  rack (1.5.2) lib/rack/lock.rb:17:in `call'
  rack (1.5.2) lib/rack/content_length.rb:14:in `call'
  rack (1.5.2) lib/rack/handler/webrick.rb:60:in `service'
  /usr/local/rvm/rubies/ruby-1.9.3-p194/lib/ruby/1.9.1/webrick/httpserver.rb:138:in `service'
  /usr/local/rvm/rubies/ruby-1.9.3-p194/lib/ruby/1.9.1/webrick/httpserver.rb:94:in `run'
  /usr/local/rvm/rubies/ruby-1.9.3-p194/lib/ruby/1.9.1/webrick/server.rb:191:in `block in start_thread'


  Rendered /usr/local/rvm/gems/ruby-1.9.3-p194/gems/actionpack-4.0.0/lib/action_dispatch/middleware/templates/rescues/_trace.erb (1.4ms)
  Rendered /usr/local/rvm/gems/ruby-1.9.3-p194/gems/actionpack-4.0.0/lib/action_dispatch/middleware/templates/rescues/_request_and_response.erb (0.9ms)
  Rendered /usr/local/rvm/gems/ruby-1.9.3-p194/gems/actionpack-4.0.0/lib/action_dispatch/middleware/templates/rescues/template_error.erb within rescues/layout (14.9ms)


Started GET "/signin" for 127.0.0.1 at 2013-08-27 10:08:48 -0700
Processing by SessionsController#new as HTML
  Rendered sessions/new.html.erb within layouts/application (0.5ms)
Completed 200 OK in 61ms (Views: 60.5ms | ActiveRecord: 0.0ms)


Started GET "/signin" for 127.0.0.1 at 2013-08-27 10:09:13 -0700
Processing by SessionsController#new as HTML
ERROR: compiling _app_views_sessions_new_html_erb___736131839667478133_70361457148880 RAISED /Users/madhok/SportzMeet/app/views/sessions/new.html.erb:1: syntax error, unexpected ',', expecting ')'
...putBuffer.new; provide (:title, 'Sign in') 
...                               ^
/Users/madhok/SportzMeet/app/views/sessions/new.html.erb:1: syntax error, unexpected ')', expecting keyword_end
...ew; provide (:title, 'Sign in') 
...                               ^
Function body:           def _app_views_sessions_new_html_erb___736131839667478133_70361457148880(local_assigns, output_buffer)
            _old_virtual_path, @virtual_path = @virtual_path, "sessions/new";_old_output_buffer = @output_buffer;;@output_buffer = output_buffer || ActionView::OutputBuffer.new; provide (:title, 'Sign in') 
@output_buffer.safe_append='<h1>Sign in</h1>
<!-- <p>Find me in app/views/sessions/new.html.erb</p> -->
';@output_buffer.to_s
          ensure
            @virtual_path, @output_buffer = _old_virtual_path, _old_output_buffer
          end

Backtrace: /usr/local/rvm/gems/ruby-1.9.3-p194/gems/actionpack-4.0.0/lib/action_view/template.rb:299:in `module_eval'
/usr/local/rvm/gems/ruby-1.9.3-p194/gems/actionpack-4.0.0/lib/action_view/template.rb:299:in `compile'
/usr/local/rvm/gems/ruby-1.9.3-p194/gems/actionpack-4.0.0/lib/action_view/template.rb:248:in `block in compile!'
<internal:prelude>:10:in `synchronize'
/usr/local/rvm/gems/ruby-1.9.3-p194/gems/actionpack-4.0.0/lib/action_view/template.rb:236:in `compile!'
/usr/local/rvm/gems/ruby-1.9.3-p194/gems/actionpack-4.0.0/lib/action_view/template.rb:142:in `block in render'
/usr/local/rvm/gems/ruby-1.9.3-p194/gems/activesupport-4.0.0/lib/active_support/notifications.rb:161:in `instrument'
/usr/local/rvm/gems/ruby-1.9.3-p194/gems/actionpack-4.0.0/lib/action_view/template.rb:141:in `render'
/usr/local/rvm/gems/ruby-1.9.3-p194/gems/actionpack-4.0.0/lib/action_view/renderer/template_renderer.rb:49:in `block (2 levels) in render_template'
/usr/local/rvm/gems/ruby-1.9.3-p194/gems/actionpack-4.0.0/lib/action_view/renderer/abstract_renderer.rb:38:in `block in instrument'
/usr/local/rvm/gems/ruby-1.9.3-p194/gems/activesupport-4.0.0/lib/active_support/notifications.rb:159:in `block in instrument'
/usr/local/rvm/gems/ruby-1.9.3-p194/gems/activesupport-4.0.0/lib/active_support/notifications/instrumenter.rb:20:in `instrument'
/usr/local/rvm/gems/ruby-1.9.3-p194/gems/activesupport-4.0.0/lib/active_support/notifications.rb:159:in `instrument'
/usr/local/rvm/gems/ruby-1.9.3-p194/gems/actionpack-4.0.0/lib/action_view/renderer/abstract_renderer.rb:38:in `instrument'
/usr/local/rvm/gems/ruby-1.9.3-p194/gems/actionpack-4.0.0/lib/action_view/renderer/template_renderer.rb:48:in `block in render_template'
/usr/local/rvm/gems/ruby-1.9.3-p194/gems/actionpack-4.0.0/lib/action_view/renderer/template_renderer.rb:56:in `render_with_layout'
/usr/local/rvm/gems/ruby-1.9.3-p194/gems/actionpack-4.0.0/lib/action_view/renderer/template_renderer.rb:47:in `render_template'
/usr/local/rvm/gems/ruby-1.9.3-p194/gems/actionpack-4.0.0/lib/action_view/renderer/template_renderer.rb:17:in `render'
/usr/local/rvm/gems/ruby-1.9.3-p194/gems/actionpack-4.0.0/lib/action_view/renderer/renderer.rb:42:in `render_template'
/usr/local/rvm/gems/ruby-1.9.3-p194/gems/actionpack-4.0.0/lib/action_view/renderer/renderer.rb:23:in `render'
/usr/local/rvm/gems/ruby-1.9.3-p194/gems/actionpack-4.0.0/lib/abstract_controller/rendering.rb:127:in `_render_template'
/usr/local/rvm/gems/ruby-1.9.3-p194/gems/actionpack-4.0.0/lib/action_controller/metal/streaming.rb:219:in `_render_template'
/usr/local/rvm/gems/ruby-1.9.3-p194/gems/actionpack-4.0.0/lib/abstract_controller/rendering.rb:120:in `render_to_body'
/usr/local/rvm/gems/ruby-1.9.3-p194/gems/actionpack-4.0.0/lib/action_controller/metal/rendering.rb:33:in `render_to_body'
/usr/local/rvm/gems/ruby-1.9.3-p194/gems/actionpack-4.0.0/lib/action_controller/metal/renderers.rb:26:in `render_to_body'
/usr/local/rvm/gems/ruby-1.9.3-p194/gems/actionpack-4.0.0/lib/abstract_controller/rendering.rb:97:in `render'
/usr/local/rvm/gems/ruby-1.9.3-p194/gems/actionpack-4.0.0/lib/action_controller/metal/rendering.rb:16:in `render'
/usr/local/rvm/gems/ruby-1.9.3-p194/gems/actionpack-4.0.0/lib/action_controller/metal/instrumentation.rb:41:in `block (2 levels) in render'
/usr/local/rvm/gems/ruby-1.9.3-p194/gems/activesupport-4.0.0/lib/active_support/core_ext/benchmark.rb:12:in `block in ms'
/usr/local/rvm/rubies/ruby-1.9.3-p194/lib/ruby/1.9.1/benchmark.rb:295:in `realtime'
/usr/local/rvm/gems/ruby-1.9.3-p194/gems/activesupport-4.0.0/lib/active_support/core_ext/benchmark.rb:12:in `ms'
/usr/local/rvm/gems/ruby-1.9.3-p194/gems/actionpack-4.0.0/lib/action_controller/metal/instrumentation.rb:41:in `block in render'
/usr/local/rvm/gems/ruby-1.9.3-p194/gems/actionpack-4.0.0/lib/action_controller/metal/instrumentation.rb:84:in `cleanup_view_runtime'
/usr/local/rvm/gems/ruby-1.9.3-p194/gems/activerecord-4.0.0/lib/active_record/railties/controller_runtime.rb:25:in `cleanup_view_runtime'
/usr/local/rvm/gems/ruby-1.9.3-p194/gems/actionpack-4.0.0/lib/action_controller/metal/instrumentation.rb:40:in `render'
/usr/local/rvm/gems/ruby-1.9.3-p194/gems/actionpack-4.0.0/lib/action_controller/metal/implicit_render.rb:10:in `default_render'
/usr/local/rvm/gems/ruby-1.9.3-p194/gems/actionpack-4.0.0/lib/action_controller/metal/implicit_render.rb:5:in `send_action'
/usr/local/rvm/gems/ruby-1.9.3-p194/gems/actionpack-4.0.0/lib/abstract_controller/base.rb:189:in `process_action'
/usr/local/rvm/gems/ruby-1.9.3-p194/gems/actionpack-4.0.0/lib/action_controller/metal/rendering.rb:10:in `process_action'
/usr/local/rvm/gems/ruby-1.9.3-p194/gems/actionpack-4.0.0/lib/abstract_controller/callbacks.rb:18:in `block in process_action'
/usr/local/rvm/gems/ruby-1.9.3-p194/gems/activesupport-4.0.0/lib/active_support/callbacks.rb:403:in `_run__3270500009127766831__process_action__callbacks'
/usr/local/rvm/gems/ruby-1.9.3-p194/gems/activesupport-4.0.0/lib/active_support/callbacks.rb:80:in `run_callbacks'
/usr/local/rvm/gems/ruby-1.9.3-p194/gems/actionpack-4.0.0/lib/abstract_controller/callbacks.rb:17:in `process_action'
/usr/local/rvm/gems/ruby-1.9.3-p194/gems/actionpack-4.0.0/lib/action_controller/metal/rescue.rb:29:in `process_action'
/usr/local/rvm/gems/ruby-1.9.3-p194/gems/actionpack-4.0.0/lib/action_controller/metal/instrumentation.rb:31:in `block in process_action'
/usr/local/rvm/gems/ruby-1.9.3-p194/gems/activesupport-4.0.0/lib/active_support/notifications.rb:159:in `block in instrument'
/usr/local/rvm/gems/ruby-1.9.3-p194/gems/activesupport-4.0.0/lib/active_support/notifications/instrumenter.rb:20:in `instrument'
/usr/local/rvm/gems/ruby-1.9.3-p194/gems/activesupport-4.0.0/lib/active_support/notifications.rb:159:in `instrument'
/usr/local/rvm/gems/ruby-1.9.3-p194/gems/actionpack-4.0.0/lib/action_controller/metal/instrumentation.rb:30:in `process_action'
/usr/local/rvm/gems/ruby-1.9.3-p194/gems/actionpack-4.0.0/lib/action_controller/metal/params_wrapper.rb:245:in `process_action'
/usr/local/rvm/gems/ruby-1.9.3-p194/gems/activerecord-4.0.0/lib/active_record/railties/controller_runtime.rb:18:in `process_action'
/usr/local/rvm/gems/ruby-1.9.3-p194/gems/actionpack-4.0.0/lib/abstract_controller/base.rb:136:in `process'
/usr/local/rvm/gems/ruby-1.9.3-p194/gems/actionpack-4.0.0/lib/abstract_controller/rendering.rb:44:in `process'
/usr/local/rvm/gems/ruby-1.9.3-p194/gems/actionpack-4.0.0/lib/action_controller/metal.rb:195:in `dispatch'
/usr/local/rvm/gems/ruby-1.9.3-p194/gems/actionpack-4.0.0/lib/action_controller/metal/rack_delegation.rb:13:in `dispatch'
/usr/local/rvm/gems/ruby-1.9.3-p194/gems/actionpack-4.0.0/lib/action_controller/metal.rb:231:in `block in action'
/usr/local/rvm/gems/ruby-1.9.3-p194/gems/actionpack-4.0.0/lib/action_dispatch/routing/route_set.rb:80:in `call'
/usr/local/rvm/gems/ruby-1.9.3-p194/gems/actionpack-4.0.0/lib/action_dispatch/routing/route_set.rb:80:in `dispatch'
/usr/local/rvm/gems/ruby-1.9.3-p194/gems/actionpack-4.0.0/lib/action_dispatch/routing/route_set.rb:48:in `call'
/usr/local/rvm/gems/ruby-1.9.3-p194/gems/actionpack-4.0.0/lib/action_dispatch/journey/router.rb:71:in `block in call'
/usr/local/rvm/gems/ruby-1.9.3-p194/gems/actionpack-4.0.0/lib/action_dispatch/journey/router.rb:59:in `each'
/usr/local/rvm/gems/ruby-1.9.3-p194/gems/actionpack-4.0.0/lib/action_dispatch/journey/router.rb:59:in `call'
/usr/local/rvm/gems/ruby-1.9.3-p194/gems/actionpack-4.0.0/lib/action_dispatch/routing/route_set.rb:655:in `call'
/usr/local/rvm/gems/ruby-1.9.3-p194/gems/rack-1.5.2/lib/rack/etag.rb:23:in `call'
/usr/local/rvm/gems/ruby-1.9.3-p194/gems/rack-1.5.2/lib/rack/conditionalget.rb:25:in `call'
/usr/local/rvm/gems/ruby-1.9.3-p194/gems/rack-1.5.2/lib/rack/head.rb:11:in `call'
/usr/local/rvm/gems/ruby-1.9.3-p194/gems/actionpack-4.0.0/lib/action_dispatch/middleware/params_parser.rb:27:in `call'
/usr/local/rvm/gems/ruby-1.9.3-p194/gems/actionpack-4.0.0/lib/action_dispatch/middleware/flash.rb:241:in `call'
/usr/local/rvm/gems/ruby-1.9.3-p194/gems/rack-1.5.2/lib/rack/session/abstract/id.rb:225:in `context'
/usr/local/rvm/gems/ruby-1.9.3-p194/gems/rack-1.5.2/lib/rack/session/abstract/id.rb:220:in `call'
/usr/local/rvm/gems/ruby-1.9.3-p194/gems/actionpack-4.0.0/lib/action_dispatch/middleware/cookies.rb:486:in `call'
/usr/local/rvm/gems/ruby-1.9.3-p194/gems/activerecord-4.0.0/lib/active_record/query_cache.rb:36:in `call'
/usr/local/rvm/gems/ruby-1.9.3-p194/gems/activerecord-4.0.0/lib/active_record/connection_adapters/abstract/connection_pool.rb:626:in `call'
/usr/local/rvm/gems/ruby-1.9.3-p194/gems/activerecord-4.0.0/lib/active_record/migration.rb:369:in `call'
/usr/local/rvm/gems/ruby-1.9.3-p194/gems/actionpack-4.0.0/lib/action_dispatch/middleware/callbacks.rb:29:in `block in call'
/usr/local/rvm/gems/ruby-1.9.3-p194/gems/activesupport-4.0.0/lib/active_support/callbacks.rb:373:in `_run__3588128668176775561__call__callbacks'
/usr/local/rvm/gems/ruby-1.9.3-p194/gems/activesupport-4.0.0/lib/active_support/callbacks.rb:80:in `run_callbacks'
/usr/local/rvm/gems/ruby-1.9.3-p194/gems/actionpack-4.0.0/lib/action_dispatch/middleware/callbacks.rb:27:in `call'
/usr/local/rvm/gems/ruby-1.9.3-p194/gems/actionpack-4.0.0/lib/action_dispatch/middleware/reloader.rb:64:in `call'
/usr/local/rvm/gems/ruby-1.9.3-p194/gems/actionpack-4.0.0/lib/action_dispatch/middleware/remote_ip.rb:76:in `call'
/usr/local/rvm/gems/ruby-1.9.3-p194/gems/actionpack-4.0.0/lib/action_dispatch/middleware/debug_exceptions.rb:17:in `call'
/usr/local/rvm/gems/ruby-1.9.3-p194/gems/actionpack-4.0.0/lib/action_dispatch/middleware/show_exceptions.rb:30:in `call'
/usr/local/rvm/gems/ruby-1.9.3-p194/gems/railties-4.0.0/lib/rails/rack/logger.rb:38:in `call_app'
/usr/local/rvm/gems/ruby-1.9.3-p194/gems/railties-4.0.0/lib/rails/rack/logger.rb:21:in `block in call'
/usr/local/rvm/gems/ruby-1.9.3-p194/gems/activesupport-4.0.0/lib/active_support/tagged_logging.rb:67:in `block in tagged'
/usr/local/rvm/gems/ruby-1.9.3-p194/gems/activesupport-4.0.0/lib/active_support/tagged_logging.rb:25:in `tagged'
/usr/local/rvm/gems/ruby-1.9.3-p194/gems/activesupport-4.0.0/lib/active_support/tagged_logging.rb:67:in `tagged'
/usr/local/rvm/gems/ruby-1.9.3-p194/gems/railties-4.0.0/lib/rails/rack/logger.rb:21:in `call'
/usr/local/rvm/gems/ruby-1.9.3-p194/gems/actionpack-4.0.0/lib/action_dispatch/middleware/request_id.rb:21:in `call'
/usr/local/rvm/gems/ruby-1.9.3-p194/gems/rack-1.5.2/lib/rack/methodoverride.rb:21:in `call'
/usr/local/rvm/gems/ruby-1.9.3-p194/gems/rack-1.5.2/lib/rack/runtime.rb:17:in `call'
/usr/local/rvm/gems/ruby-1.9.3-p194/gems/activesupport-4.0.0/lib/active_support/cache/strategy/local_cache.rb:83:in `call'
/usr/local/rvm/gems/ruby-1.9.3-p194/gems/rack-1.5.2/lib/rack/lock.rb:17:in `call'
/usr/local/rvm/gems/ruby-1.9.3-p194/gems/actionpack-4.0.0/lib/action_dispatch/middleware/static.rb:64:in `call'
/usr/local/rvm/gems/ruby-1.9.3-p194/gems/railties-4.0.0/lib/rails/engine.rb:511:in `call'
/usr/local/rvm/gems/ruby-1.9.3-p194/gems/railties-4.0.0/lib/rails/application.rb:97:in `call'
/usr/local/rvm/gems/ruby-1.9.3-p194/gems/rack-1.5.2/lib/rack/lock.rb:17:in `call'
/usr/local/rvm/gems/ruby-1.9.3-p194/gems/rack-1.5.2/lib/rack/content_length.rb:14:in `call'
/usr/local/rvm/gems/ruby-1.9.3-p194/gems/rack-1.5.2/lib/rack/handler/webrick.rb:60:in `service'
/usr/local/rvm/rubies/ruby-1.9.3-p194/lib/ruby/1.9.1/webrick/httpserver.rb:138:in `service'
/usr/local/rvm/rubies/ruby-1.9.3-p194/lib/ruby/1.9.1/webrick/httpserver.rb:94:in `run'
/usr/local/rvm/rubies/ruby-1.9.3-p194/lib/ruby/1.9.1/webrick/server.rb:191:in `block in start_thread'
  Rendered sessions/new.html.erb within layouts/application (2.5ms)
Completed 500 Internal Server Error in 5ms

ActionView::Template::Error (/Users/madhok/SportzMeet/app/views/sessions/new.html.erb:1: syntax error, unexpected ',', expecting ')'
...putBuffer.new; provide (:title, 'Sign in') 
...                               ^
/Users/madhok/SportzMeet/app/views/sessions/new.html.erb:1: syntax error, unexpected ')', expecting keyword_end
...ew; provide (:title, 'Sign in') 
...                               ^):
    1: <% provide (:title, 'Sign in') %>
    2: <h1>Sign in</h1>
    3: <!-- <p>Find me in app/views/sessions/new.html.erb</p> -->
  actionpack (4.0.0) lib/action_view/template.rb:299:in `module_eval'
  actionpack (4.0.0) lib/action_view/template.rb:299:in `compile'
  actionpack (4.0.0) lib/action_view/template.rb:248:in `block in compile!'
  <internal:prelude>:10:in `synchronize'
  actionpack (4.0.0) lib/action_view/template.rb:236:in `compile!'
  actionpack (4.0.0) lib/action_view/template.rb:142:in `block in render'
  activesupport (4.0.0) lib/active_support/notifications.rb:161:in `instrument'
  actionpack (4.0.0) lib/action_view/template.rb:141:in `render'
  actionpack (4.0.0) lib/action_view/renderer/template_renderer.rb:49:in `block (2 levels) in render_template'
  actionpack (4.0.0) lib/action_view/renderer/abstract_renderer.rb:38:in `block in instrument'
  activesupport (4.0.0) lib/active_support/notifications.rb:159:in `block in instrument'
  activesupport (4.0.0) lib/active_support/notifications/instrumenter.rb:20:in `instrument'
  activesupport (4.0.0) lib/active_support/notifications.rb:159:in `instrument'
  actionpack (4.0.0) lib/action_view/renderer/abstract_renderer.rb:38:in `instrument'
  actionpack (4.0.0) lib/action_view/renderer/template_renderer.rb:48:in `block in render_template'
  actionpack (4.0.0) lib/action_view/renderer/template_renderer.rb:56:in `render_with_layout'
  actionpack (4.0.0) lib/action_view/renderer/template_renderer.rb:47:in `render_template'
  actionpack (4.0.0) lib/action_view/renderer/template_renderer.rb:17:in `render'
  actionpack (4.0.0) lib/action_view/renderer/renderer.rb:42:in `render_template'
  actionpack (4.0.0) lib/action_view/renderer/renderer.rb:23:in `render'
  actionpack (4.0.0) lib/abstract_controller/rendering.rb:127:in `_render_template'
  actionpack (4.0.0) lib/action_controller/metal/streaming.rb:219:in `_render_template'
  actionpack (4.0.0) lib/abstract_controller/rendering.rb:120:in `render_to_body'
  actionpack (4.0.0) lib/action_controller/metal/rendering.rb:33:in `render_to_body'
  actionpack (4.0.0) lib/action_controller/metal/renderers.rb:26:in `render_to_body'
  actionpack (4.0.0) lib/abstract_controller/rendering.rb:97:in `render'
  actionpack (4.0.0) lib/action_controller/metal/rendering.rb:16:in `render'
  actionpack (4.0.0) lib/action_controller/metal/instrumentation.rb:41:in `block (2 levels) in render'
  activesupport (4.0.0) lib/active_support/core_ext/benchmark.rb:12:in `block in ms'
  /usr/local/rvm/rubies/ruby-1.9.3-p194/lib/ruby/1.9.1/benchmark.rb:295:in `realtime'
  activesupport (4.0.0) lib/active_support/core_ext/benchmark.rb:12:in `ms'
  actionpack (4.0.0) lib/action_controller/metal/instrumentation.rb:41:in `block in render'
  actionpack (4.0.0) lib/action_controller/metal/instrumentation.rb:84:in `cleanup_view_runtime'
  activerecord (4.0.0) lib/active_record/railties/controller_runtime.rb:25:in `cleanup_view_runtime'
  actionpack (4.0.0) lib/action_controller/metal/instrumentation.rb:40:in `render'
  actionpack (4.0.0) lib/action_controller/metal/implicit_render.rb:10:in `default_render'
  actionpack (4.0.0) lib/action_controller/metal/implicit_render.rb:5:in `send_action'
  actionpack (4.0.0) lib/abstract_controller/base.rb:189:in `process_action'
  actionpack (4.0.0) lib/action_controller/metal/rendering.rb:10:in `process_action'
  actionpack (4.0.0) lib/abstract_controller/callbacks.rb:18:in `block in process_action'
  activesupport (4.0.0) lib/active_support/callbacks.rb:403:in `_run__3270500009127766831__process_action__callbacks'
  activesupport (4.0.0) lib/active_support/callbacks.rb:80:in `run_callbacks'
  actionpack (4.0.0) lib/abstract_controller/callbacks.rb:17:in `process_action'
  actionpack (4.0.0) lib/action_controller/metal/rescue.rb:29:in `process_action'
  actionpack (4.0.0) lib/action_controller/metal/instrumentation.rb:31:in `block in process_action'
  activesupport (4.0.0) lib/active_support/notifications.rb:159:in `block in instrument'
  activesupport (4.0.0) lib/active_support/notifications/instrumenter.rb:20:in `instrument'
  activesupport (4.0.0) lib/active_support/notifications.rb:159:in `instrument'
  actionpack (4.0.0) lib/action_controller/metal/instrumentation.rb:30:in `process_action'
  actionpack (4.0.0) lib/action_controller/metal/params_wrapper.rb:245:in `process_action'
  activerecord (4.0.0) lib/active_record/railties/controller_runtime.rb:18:in `process_action'
  actionpack (4.0.0) lib/abstract_controller/base.rb:136:in `process'
  actionpack (4.0.0) lib/abstract_controller/rendering.rb:44:in `process'
  actionpack (4.0.0) lib/action_controller/metal.rb:195:in `dispatch'
  actionpack (4.0.0) lib/action_controller/metal/rack_delegation.rb:13:in `dispatch'
  actionpack (4.0.0) lib/action_controller/metal.rb:231:in `block in action'
  actionpack (4.0.0) lib/action_dispatch/routing/route_set.rb:80:in `call'
  actionpack (4.0.0) lib/action_dispatch/routing/route_set.rb:80:in `dispatch'
  actionpack (4.0.0) lib/action_dispatch/routing/route_set.rb:48:in `call'
  actionpack (4.0.0) lib/action_dispatch/journey/router.rb:71:in `block in call'
  actionpack (4.0.0) lib/action_dispatch/journey/router.rb:59:in `each'
  actionpack (4.0.0) lib/action_dispatch/journey/router.rb:59:in `call'
  actionpack (4.0.0) lib/action_dispatch/routing/route_set.rb:655:in `call'
  rack (1.5.2) lib/rack/etag.rb:23:in `call'
  rack (1.5.2) lib/rack/conditionalget.rb:25:in `call'
  rack (1.5.2) lib/rack/head.rb:11:in `call'
  actionpack (4.0.0) lib/action_dispatch/middleware/params_parser.rb:27:in `call'
  actionpack (4.0.0) lib/action_dispatch/middleware/flash.rb:241:in `call'
  rack (1.5.2) lib/rack/session/abstract/id.rb:225:in `context'
  rack (1.5.2) lib/rack/session/abstract/id.rb:220:in `call'
  actionpack (4.0.0) lib/action_dispatch/middleware/cookies.rb:486:in `call'
  activerecord (4.0.0) lib/active_record/query_cache.rb:36:in `call'
  activerecord (4.0.0) lib/active_record/connection_adapters/abstract/connection_pool.rb:626:in `call'
  activerecord (4.0.0) lib/active_record/migration.rb:369:in `call'
  actionpack (4.0.0) lib/action_dispatch/middleware/callbacks.rb:29:in `block in call'
  activesupport (4.0.0) lib/active_support/callbacks.rb:373:in `_run__3588128668176775561__call__callbacks'
  activesupport (4.0.0) lib/active_support/callbacks.rb:80:in `run_callbacks'
  actionpack (4.0.0) lib/action_dispatch/middleware/callbacks.rb:27:in `call'
  actionpack (4.0.0) lib/action_dispatch/middleware/reloader.rb:64:in `call'
  actionpack (4.0.0) lib/action_dispatch/middleware/remote_ip.rb:76:in `call'
  actionpack (4.0.0) lib/action_dispatch/middleware/debug_exceptions.rb:17:in `call'
  actionpack (4.0.0) lib/action_dispatch/middleware/show_exceptions.rb:30:in `call'
  railties (4.0.0) lib/rails/rack/logger.rb:38:in `call_app'
  railties (4.0.0) lib/rails/rack/logger.rb:21:in `block in call'
  activesupport (4.0.0) lib/active_support/tagged_logging.rb:67:in `block in tagged'
  activesupport (4.0.0) lib/active_support/tagged_logging.rb:25:in `tagged'
  activesupport (4.0.0) lib/active_support/tagged_logging.rb:67:in `tagged'
  railties (4.0.0) lib/rails/rack/logger.rb:21:in `call'
  actionpack (4.0.0) lib/action_dispatch/middleware/request_id.rb:21:in `call'
  rack (1.5.2) lib/rack/methodoverride.rb:21:in `call'
  rack (1.5.2) lib/rack/runtime.rb:17:in `call'
  activesupport (4.0.0) lib/active_support/cache/strategy/local_cache.rb:83:in `call'
  rack (1.5.2) lib/rack/lock.rb:17:in `call'
  actionpack (4.0.0) lib/action_dispatch/middleware/static.rb:64:in `call'
  railties (4.0.0) lib/rails/engine.rb:511:in `call'
  railties (4.0.0) lib/rails/application.rb:97:in `call'
  rack (1.5.2) lib/rack/lock.rb:17:in `call'
  rack (1.5.2) lib/rack/content_length.rb:14:in `call'
  rack (1.5.2) lib/rack/handler/webrick.rb:60:in `service'
  /usr/local/rvm/rubies/ruby-1.9.3-p194/lib/ruby/1.9.1/webrick/httpserver.rb:138:in `service'
  /usr/local/rvm/rubies/ruby-1.9.3-p194/lib/ruby/1.9.1/webrick/httpserver.rb:94:in `run'
  /usr/local/rvm/rubies/ruby-1.9.3-p194/lib/ruby/1.9.1/webrick/server.rb:191:in `block in start_thread'


  Rendered /usr/local/rvm/gems/ruby-1.9.3-p194/gems/actionpack-4.0.0/lib/action_dispatch/middleware/templates/rescues/_trace.erb (1.2ms)
  Rendered /usr/local/rvm/gems/ruby-1.9.3-p194/gems/actionpack-4.0.0/lib/action_dispatch/middleware/templates/rescues/_request_and_response.erb (0.9ms)
  Rendered /usr/local/rvm/gems/ruby-1.9.3-p194/gems/actionpack-4.0.0/lib/action_dispatch/middleware/templates/rescues/template_error.erb within rescues/layout (10.3ms)


Started GET "/signin" for 127.0.0.1 at 2013-08-27 10:10:14 -0700
Processing by SessionsController#new as HTML
  Rendered sessions/new.html.erb within layouts/application (188.2ms)
Completed 200 OK in 192ms (Views: 191.6ms | ActiveRecord: 0.0ms)


Started GET "/signup" for 127.0.0.1 at 2013-08-27 10:10:21 -0700
Processing by UsersController#new as HTML
  Rendered users/_form.html.erb (10.9ms)
  Rendered users/new.html.erb within layouts/application (12.8ms)
Completed 200 OK in 27ms (Views: 17.4ms | ActiveRecord: 0.5ms)
